TN:
SF:src/app.js
FNF:0
FNH:0
DA:3,0
DA:5,0
DA:6,0
DA:8,0
DA:9,0
DA:11,0
DA:14,0
DA:15,0
DA:16,0
DA:19,0
DA:22,0
DA:23,0
DA:25,0
LF:13
LH:0
BRF:0
BRH:0
end_of_record
TN:
SF:src/server.js
FN:8,(anonymous_0)
FNF:1
FNH:0
FNDA:0,(anonymous_0)
DA:3,0
DA:4,0
DA:6,0
DA:8,0
DA:9,0
LF:5
LH:0
BRF:0
BRH:0
end_of_record
TN:
SF:src/config/index.js
FNF:0
FNH:0
DA:3,1
DA:5,1
DA:57,1
LF:3
LH:3
BRDA:7,0,0,1
BRDA:7,0,1,1
BRDA:8,1,0,1
BRDA:8,1,1,0
BRDA:12,2,0,1
BRDA:12,2,1,1
BRDA:13,3,0,1
BRDA:13,3,1,1
BRDA:17,4,0,1
BRDA:17,4,1,1
BRDA:18,5,0,1
BRDA:18,5,1,1
BRDA:19,6,0,1
BRDA:19,6,1,1
BRDA:27,7,0,1
BRDA:27,7,1,1
BRDA:28,8,0,1
BRDA:28,8,1,1
BRDA:29,9,0,1
BRDA:29,9,1,1
BRDA:37,10,0,1
BRDA:37,10,1,1
BRDA:38,11,0,1
BRDA:38,11,1,1
BRDA:39,12,0,1
BRDA:39,12,1,1
BRDA:46,13,0,1
BRDA:46,13,1,1
BRDA:51,14,0,1
BRDA:51,14,1,1
BRDA:52,15,0,1
BRDA:52,15,1,1
BRF:32
BRH:31
end_of_record
TN:
SF:src/middleware/auth.js
FN:11,authenticate
FN:34,optionalAuthenticate
FN:53,signToken
FNF:3
FNH:0
FNDA:0,authenticate
FNDA:0,optionalAuthenticate
FNDA:0,signToken
DA:3,0
DA:4,0
DA:12,0
DA:13,0
DA:14,0
DA:17,0
DA:18,0
DA:19,0
DA:20,0
DA:21,0
DA:23,0
DA:24,0
DA:26,0
DA:35,0
DA:36,0
DA:37,0
DA:39,0
DA:40,0
DA:41,0
DA:45,0
DA:54,0
DA:57,0
LF:22
LH:0
BRDA:13,0,0,0
BRDA:13,0,1,0
BRDA:13,1,0,0
BRDA:13,1,1,0
BRDA:23,2,0,0
BRDA:23,2,1,0
BRDA:36,3,0,0
BRDA:36,3,1,0
BRDA:36,4,0,0
BRDA:36,4,1,0
BRF:10
BRH:0
end_of_record
TN:
SF:src/middleware/errorHandler.js
FN:9,errorHandler
FN:28,notFound
FNF:2
FNH:0
FNDA:0,errorHandler
FNDA:0,notFound
DA:10,0
DA:11,0
DA:13,0
DA:18,0
DA:19,0
DA:22,0
DA:29,0
DA:30,0
DA:31,0
DA:34,0
LF:10
LH:0
BRDA:10,0,0,0
BRDA:10,0,1,0
BRDA:10,0,2,0
BRDA:14,1,0,0
BRDA:14,1,1,0
BRDA:15,2,0,0
BRDA:15,2,1,0
BRDA:18,3,0,0
BRDA:18,3,1,0
BRF:9
BRH:0
end_of_record
TN:
SF:src/models/FitnessData.js
FN:26,(anonymous_0)
FN:43,(anonymous_1)
FN:54,(anonymous_2)
FN:67,(anonymous_3)
FNF:4
FNH:0
FNDA:0,(anonymous_0)
FNDA:0,(anonymous_1)
FNDA:0,(anonymous_2)
FNDA:0,(anonymous_3)
DA:8,0
DA:19,0
DA:27,0
DA:28,0
DA:34,0
DA:35,0
DA:44,0
DA:45,0
DA:55,0
DA:56,0
DA:62,0
DA:63,0
DA:68,0
DA:72,0
LF:14
LH:0
BRDA:27,0,0,0
BRDA:27,0,1,0
BRDA:45,1,0,0
BRDA:45,1,1,0
BRDA:55,2,0,0
BRDA:55,2,1,0
BRF:6
BRH:0
end_of_record
TN:
SF:src/models/User.js
FN:30,(anonymous_0)
FN:49,(anonymous_1)
FN:59,(anonymous_2)
FN:72,(anonymous_3)
FN:86,(anonymous_4)
FN:95,(anonymous_5)
FN:100,(anonymous_6)
FNF:7
FNH:0
FNDA:0,(anonymous_0)
FNDA:0,(anonymous_1)
FNDA:0,(anonymous_2)
FNDA:0,(anonymous_3)
FNDA:0,(anonymous_4)
FNDA:0,(anonymous_5)
FNDA:0,(anonymous_6)
DA:8,0
DA:9,0
DA:24,0
DA:31,0
DA:32,0
DA:40,0
DA:41,0
DA:50,0
DA:51,0
DA:60,0
DA:61,0
DA:63,0
DA:73,0
DA:74,0
DA:75,0
DA:76,0
DA:77,0
DA:87,0
DA:88,0
DA:89,0
DA:91,0
DA:96,0
DA:101,0
DA:102,0
DA:106,0
LF:25
LH:0
BRDA:34,0,0,0
BRDA:34,0,1,0
BRDA:35,1,0,0
BRDA:35,1,1,0
BRDA:36,2,0,0
BRDA:36,2,1,0
BRDA:51,3,0,0
BRDA:51,3,1,0
BRDA:61,4,0,0
BRDA:61,4,1,0
BRDA:74,5,0,0
BRDA:74,5,1,0
BRDA:88,6,0,0
BRDA:88,6,1,0
BRF:14
BRH:0
end_of_record
TN:
SF:src/routes/auth.js
FN:18,(anonymous_0)
FN:28,(anonymous_1)
FN:55,(anonymous_2)
FN:64,(anonymous_3)
FN:95,(anonymous_4)
FN:104,(anonymous_5)
FNF:6
FNH:0
FNDA:0,(anonymous_0)
FNDA:0,(anonymous_1)
FNDA:0,(anonymous_2)
FNDA:0,(anonymous_3)
FNDA:0,(anonymous_4)
FNDA:0,(anonymous_5)
DA:3,0
DA:4,0
DA:5,0
DA:6,0
DA:7,0
DA:8,0
DA:10,0
DA:18,0
DA:19,0
DA:20,0
DA:28,0
DA:29,0
DA:30,0
DA:31,0
DA:33,0
DA:35,0
DA:36,0
DA:38,0
DA:43,0
DA:44,0
DA:46,0
DA:55,0
DA:56,0
DA:57,0
DA:64,0
DA:65,0
DA:66,0
DA:67,0
DA:68,0
DA:71,0
DA:73,0
DA:74,0
DA:76,0
DA:83,0
DA:84,0
DA:86,0
DA:95,0
DA:96,0
DA:97,0
DA:104,0
DA:105,0
DA:106,0
DA:107,0
DA:109,0
DA:111,0
DA:112,0
DA:114,0
DA:118,0
DA:119,0
DA:121,0
DA:125,0
LF:51
LH:0
BRDA:31,0,0,0
BRDA:31,0,1,0
BRDA:35,1,0,0
BRDA:35,1,1,0
BRDA:36,2,0,0
BRDA:36,2,1,0
BRDA:36,3,0,0
BRDA:36,3,1,0
BRDA:39,4,0,0
BRDA:39,4,1,0
BRDA:39,5,0,0
BRDA:39,5,1,0
BRDA:67,6,0,0
BRDA:67,6,1,0
BRDA:67,7,0,0
BRDA:67,7,1,0
BRDA:73,8,0,0
BRDA:73,8,1,0
BRDA:107,9,0,0
BRDA:107,9,1,0
BRDA:111,10,0,0
BRDA:111,10,1,0
BRF:22
BRH:0
end_of_record
TN:
SF:src/routes/fitness.js
FN:19,(anonymous_0)
FN:38,(anonymous_1)
FN:55,(anonymous_2)
FN:72,(anonymous_3)
FNF:4
FNH:0
FNDA:0,(anonymous_0)
FNDA:0,(anonymous_1)
FNDA:0,(anonymous_2)
FNDA:0,(anonymous_3)
DA:3,0
DA:4,0
DA:5,0
DA:6,0
DA:7,0
DA:8,0
DA:10,0
DA:13,0
DA:19,0
DA:20,0
DA:21,0
DA:25,0
DA:26,0
DA:28,0
DA:30,0
DA:38,0
DA:39,0
DA:40,0
DA:44,0
DA:45,0
DA:47,0
DA:55,0
DA:56,0
DA:57,0
DA:61,0
DA:62,0
DA:64,0
DA:72,0
DA:73,0
DA:74,0
DA:80,0
DA:82,0
DA:89,0
DA:93,0
LF:34
LH:0
BRDA:21,0,0,0
BRDA:21,0,1,0
BRDA:22,1,0,0
BRDA:22,1,1,0
BRDA:22,2,0,0
BRDA:22,2,1,0
BRDA:40,3,0,0
BRDA:40,3,1,0
BRDA:41,4,0,0
BRDA:41,4,1,0
BRDA:41,5,0,0
BRDA:41,5,1,0
BRDA:57,6,0,0
BRDA:57,6,1,0
BRDA:58,7,0,0
BRDA:58,7,1,0
BRDA:58,8,0,0
BRDA:58,8,1,0
BRF:18
BRH:0
end_of_record
TN:
SF:src/routes/gear.js
FN:32,(anonymous_0)
FN:37,(anonymous_1)
FN:57,(anonymous_2)
FNF:3
FNH:0
FNDA:0,(anonymous_0)
FNDA:0,(anonymous_1)
FNDA:0,(anonymous_2)
DA:3,0
DA:4,0
DA:5,0
DA:6,0
DA:8,0
DA:9,0
DA:11,0
DA:21,0
DA:33,0
DA:34,0
DA:35,0
DA:38,0
DA:39,0
DA:40,0
DA:41,0
DA:43,0
DA:49,0
DA:57,0
DA:58,0
DA:61,0
LF:20
LH:0
BRDA:34,0,0,0
BRDA:34,0,1,0
BRDA:38,1,0,0
BRDA:38,1,1,0
BRF:4
BRH:0
end_of_record
TN:
SF:src/routes/index.js
FN:16,(anonymous_0)
FNF:1
FNH:0
FNDA:0,(anonymous_0)
DA:3,0
DA:4,0
DA:5,0
DA:6,0
DA:7,0
DA:8,0
DA:10,0
DA:16,0
DA:17,0
DA:25,0
DA:26,0
DA:27,0
DA:28,0
DA:29,0
DA:31,0
LF:15
LH:0
BRDA:21,0,0,0
BRDA:21,0,1,0
BRF:2
BRH:0
end_of_record
TN:
SF:src/routes/routes.js
FN:25,(anonymous_0)
FN:50,(anonymous_1)
FN:77,(anonymous_2)
FN:85,(anonymous_3)
FNF:4
FNH:0
FNDA:0,(anonymous_0)
FNDA:0,(anonymous_1)
FNDA:0,(anonymous_2)
FNDA:0,(anonymous_3)
DA:3,0
DA:4,0
DA:5,0
DA:6,0
DA:7,0
DA:9,0
DA:10,0
DA:12,0
DA:18,0
DA:26,0
DA:27,0
DA:29,0
DA:30,0
DA:31,0
DA:32,0
DA:33,0
DA:34,0
DA:36,0
DA:37,0
DA:39,0
DA:47,0
DA:51,0
DA:52,0
DA:54,0
DA:55,0
DA:56,0
DA:58,0
DA:59,0
DA:61,0
DA:71,0
DA:78,0
DA:79,0
DA:81,0
DA:82,0
DA:83,0
DA:85,0
DA:90,0
DA:92,0
DA:97,0
LF:39
LH:0
BRDA:27,0,0,0
BRDA:27,0,1,0
BRDA:32,1,0,0
BRDA:32,1,1,0
BRDA:33,2,0,0
BRDA:33,2,1,0
BRDA:34,3,0,0
BRDA:34,3,1,0
BRDA:52,4,0,0
BRDA:52,4,1,0
BRDA:56,5,0,0
BRDA:56,5,1,0
BRDA:79,6,0,0
BRDA:79,6,1,0
BRF:14
BRH:0
end_of_record
TN:
SF:src/routes/score.js
FN:18,(anonymous_0)
FN:64,(anonymous_1)
FN:71,(anonymous_2)
FNF:3
FNH:0
FNDA:0,(anonymous_0)
FNDA:0,(anonymous_1)
FNDA:0,(anonymous_2)
DA:3,0
DA:4,0
DA:5,0
DA:6,0
DA:7,0
DA:8,0
DA:9,0
DA:11,0
DA:12,0
DA:18,0
DA:19,0
DA:20,0
DA:26,0
DA:27,0
DA:33,0
DA:34,0
DA:36,0
DA:45,0
DA:65,0
DA:66,0
DA:67,0
DA:69,0
DA:72,0
DA:73,0
DA:74,0
DA:78,0
LF:26
LH:0
BRDA:66,0,0,0
BRDA:66,0,1,0
BRF:2
BRH:0
end_of_record
TN:
SF:src/services/corosService.js
FN:33,getAuthUrl
FN:48,exchangeToken
FN:74,refreshToken
FN:97,getTrainingLoad
FN:118,getRecoveryStatus
FN:137,getSleepData
FN:156,getHrv
FN:172,getMetrics
FNF:8
FNH:0
FNDA:0,getAuthUrl
FNDA:0,exchangeToken
FNDA:0,refreshToken
FNDA:0,getTrainingLoad
FNDA:0,getRecoveryStatus
FNDA:0,getSleepData
FNDA:0,getHrv
FNDA:0,getMetrics
DA:3,0
DA:4,0
DA:16,0
DA:34,0
DA:40,0
DA:49,0
DA:50,0
DA:59,0
DA:66,0
DA:75,0
DA:76,0
DA:83,0
DA:89,0
DA:98,0
DA:99,0
DA:107,0
DA:110,0
DA:119,0
DA:120,0
DA:126,0
DA:129,0
DA:138,0
DA:139,0
DA:145,0
DA:148,0
DA:157,0
DA:158,0
DA:161,0
DA:164,0
DA:173,0
DA:174,0
DA:177,0
DA:184,0
DA:194,0
LF:34
LH:0
BRDA:35,0,0,0
BRDA:35,0,1,0
BRDA:49,1,0,0
BRDA:49,1,1,0
BRDA:49,2,0,0
BRDA:49,2,1,0
BRDA:75,3,0,0
BRDA:75,3,1,0
BRDA:75,4,0,0
BRDA:75,4,1,0
BRDA:98,5,0,0
BRDA:98,5,1,0
BRDA:98,6,0,0
BRDA:98,6,1,0
BRDA:119,7,0,0
BRDA:119,7,1,0
BRDA:119,8,0,0
BRDA:119,8,1,0
BRDA:138,9,0,0
BRDA:138,9,1,0
BRDA:138,10,0,0
BRDA:138,10,1,0
BRDA:157,11,0,0
BRDA:157,11,1,0
BRDA:157,12,0,0
BRDA:157,12,1,0
BRDA:173,13,0,0
BRDA:173,13,1,0
BRDA:173,14,0,0
BRDA:173,14,1,0
BRF:30
BRH:0
end_of_record
TN:
SF:src/services/garminService.js
FN:40,getAuthUrl
FN:55,exchangeToken
FN:82,getVo2Max
FN:102,getTrainingStatus
FN:125,getHeartRateZones
FN:142,getMetrics
FNF:6
FNH:0
FNDA:0,getAuthUrl
FNDA:0,exchangeToken
FNDA:0,getVo2Max
FNDA:0,getTrainingStatus
FNDA:0,getHeartRateZones
FNDA:0,getMetrics
DA:3,0
DA:4,0
DA:17,0
DA:41,0
DA:42,0
DA:46,0
DA:56,0
DA:57,0
DA:68,0
DA:72,0
DA:83,0
DA:84,0
DA:88,0
DA:89,0
DA:92,0
DA:103,0
DA:104,0
DA:113,0
DA:114,0
DA:115,0
DA:126,0
DA:127,0
DA:130,0
DA:131,0
DA:132,0
DA:143,0
DA:144,0
DA:147,0
DA:153,0
DA:162,0
LF:30
LH:0
BRDA:41,0,0,0
BRDA:41,0,1,0
BRDA:56,1,0,0
BRDA:56,1,1,0
BRDA:56,2,0,0
BRDA:56,2,1,0
BRDA:83,3,0,0
BRDA:83,3,1,0
BRDA:83,4,0,0
BRDA:83,4,1,0
BRDA:103,5,0,0
BRDA:103,5,1,0
BRDA:103,6,0,0
BRDA:103,6,1,0
BRDA:126,7,0,0
BRDA:126,7,1,0
BRDA:126,8,0,0
BRDA:126,8,1,0
BRDA:143,9,0,0
BRDA:143,9,1,0
BRDA:143,10,0,0
BRDA:143,10,1,0
BRF:22
BRH:0
end_of_record
TN:
SF:src/services/gearService.js
FN:180,getGearRecommendations
FN:221,getGearForRoute
FN:238,getFullCatalogue
FNF:3
FNH:3
FNDA:14,getGearRecommendations
FNDA:5,getGearForRoute
FNDA:3,getFullCatalogue
DA:26,1
DA:181,14
DA:183,14
DA:184,14
DA:185,14
DA:187,14
DA:188,2
DA:191,14
DA:192,4
DA:193,4
DA:194,4
DA:197,14
DA:198,2
DA:199,2
DA:200,2
DA:201,2
DA:202,2
DA:205,14
DA:222,5
DA:225,5
DA:230,5
DA:239,3
DA:242,1
LF:23
LH:23
BRDA:180,0,0,4
BRDA:181,1,0,14
BRDA:181,1,1,1
BRDA:187,2,0,2
BRDA:187,2,1,12
BRDA:191,3,0,4
BRDA:191,3,1,10
BRDA:191,4,0,14
BRDA:191,4,1,4
BRDA:197,5,0,2
BRDA:197,5,1,12
BRDA:221,6,0,3
BRDA:222,7,0,5
BRDA:222,7,1,1
BRDA:227,8,0,5
BRDA:227,8,1,4
BRF:16
BRH:16
end_of_record
TN:
SF:src/services/mapsService.js
FN:99,calculateDifficultyScore
FN:120,scoreToDifficulty
FN:132,getElevationProfile
FN:135,(anonymous_3)
FN:143,(anonymous_4)
FN:162,getTrails
FN:168,(anonymous_6)
FN:171,(anonymous_7)
FN:175,(anonymous_8)
FN:186,getTrailById
FN:187,(anonymous_10)
FN:200,matchTrailsToFitness
FN:205,(anonymous_12)
FN:213,(anonymous_13)
FNF:14
FNH:13
FNDA:6,calculateDifficultyScore
FNDA:8,scoreToDifficulty
FNDA:3,getElevationProfile
FNDA:4,(anonymous_3)
FNDA:0,(anonymous_4)
FNDA:10,getTrails
FNDA:5,(anonymous_6)
FNDA:5,(anonymous_7)
FNDA:10,(anonymous_8)
FNDA:2,getTrailById
FNDA:6,(anonymous_10)
FNDA:5,matchTrailsToFitness
FNDA:25,(anonymous_12)
FNDA:3,(anonymous_13)
DA:3,1
DA:4,1
DA:16,1
DA:101,6
DA:102,6
DA:105,6
DA:108,6
DA:109,6
DA:111,6
DA:112,6
DA:121,8
DA:122,6
DA:123,4
DA:124,2
DA:133,3
DA:135,4
DA:143,0
DA:144,0
DA:148,0
DA:149,0
DA:151,0
DA:165,10
DA:167,10
DA:168,5
DA:170,10
DA:171,5
DA:173,10
DA:174,2
DA:175,10
DA:178,10
DA:187,6
DA:188,2
DA:201,5
DA:202,5
DA:205,5
DA:206,25
DA:209,25
DA:213,5
DA:214,3
DA:217,5
DA:220,1
LF:41
LH:36
BRDA:99,0,0,0
BRDA:109,1,0,6
BRDA:109,1,1,1
BRDA:121,2,0,2
BRDA:121,2,1,6
BRDA:122,3,0,2
BRDA:122,3,1,4
BRDA:123,4,0,2
BRDA:123,4,1,2
BRDA:133,5,0,3
BRDA:133,5,1,0
BRDA:133,6,0,3
BRDA:133,6,1,0
BRDA:133,6,2,0
BRDA:148,7,0,0
BRDA:148,7,1,0
BRDA:162,8,0,6
BRDA:167,9,0,1
BRDA:167,9,1,9
BRDA:170,10,0,1
BRDA:170,10,1,9
BRDA:173,11,0,2
BRDA:173,11,1,8
BRDA:188,12,0,1
BRDA:188,12,1,1
BRDA:200,13,0,4
BRDA:201,14,0,5
BRDA:201,14,1,4
BRDA:209,15,0,25
BRDA:209,15,1,16
BRF:30
BRH:24
end_of_record
TN:
SF:src/services/scoringService.js
FN:35,clamp
FN:47,linearScale
FN:68,scoreAerobic
FN:99,scoreRecovery
FN:139,scoreTrainingLoad
FN:166,scoreStrength
FN:191,scoreConsistency
FN:229,calculateScore
FN:259,scoreLabel
FN:273,scoreAdvice
FN:274,(anonymous_10)
FN:306,buildMetricsFromProviders
FN:309,(anonymous_12)
FNF:13
FNH:13
FNDA:236,clamp
FNDA:145,linearScale
FNDA:15,scoreAerobic
FNDA:12,scoreRecovery
FNDA:11,scoreTrainingLoad
FNDA:10,scoreStrength
FNDA:11,scoreConsistency
FNDA:8,calculateScore
FNDA:13,scoreLabel
FNDA:8,scoreAdvice
FNDA:32,(anonymous_10)
FNDA:2,buildMetricsFromProviders
FNDA:10,(anonymous_12)
DA:20,1
DA:36,236
DA:48,145
DA:49,145
DA:70,15
DA:73,15
DA:78,15
DA:80,15
DA:106,12
DA:109,12
DA:112,12
DA:115,12
DA:117,12
DA:141,11
DA:144,11
DA:147,11
DA:149,11
DA:168,10
DA:171,10
DA:174,10
DA:176,10
DA:193,11
DA:196,11
DA:198,11
DA:230,8
DA:238,8
DA:246,8
DA:260,13
DA:261,11
DA:262,10
DA:263,8
DA:264,4
DA:274,32
DA:275,8
DA:277,8
DA:278,1
DA:280,7
DA:281,0
DA:284,7
DA:292,7
DA:293,7
DA:307,2
DA:308,2
DA:309,10
DA:310,2
DA:311,2
DA:314,2
DA:315,2
DA:317,2
DA:345,1
LF:50
LH:49
BRDA:48,0,0,0
BRDA:48,0,1,145
BRDA:68,1,0,1
BRDA:68,2,0,5
BRDA:68,3,0,7
BRDA:78,4,0,6
BRDA:78,4,1,9
BRDA:100,5,0,2
BRDA:101,6,0,2
BRDA:102,7,0,4
BRDA:103,8,0,8
BRDA:139,9,0,1
BRDA:139,10,0,7
BRDA:139,11,0,5
BRDA:166,12,0,6
BRDA:166,13,0,7
BRDA:166,14,0,7
BRDA:191,15,0,4
BRDA:191,16,0,7
BRDA:229,17,0,0
BRDA:260,18,0,2
BRDA:260,18,1,11
BRDA:261,19,0,1
BRDA:261,19,1,10
BRDA:262,20,0,2
BRDA:262,20,1,8
BRDA:263,21,0,4
BRDA:263,21,1,4
BRDA:274,22,0,13
BRDA:274,22,1,19
BRDA:277,23,0,1
BRDA:277,23,1,7
BRDA:280,24,0,0
BRDA:280,24,1,7
BRDA:292,25,0,7
BRDA:292,25,1,0
BRDA:306,26,0,1
BRDA:306,27,0,1
BRDA:306,28,0,1
BRDA:307,29,0,2
BRDA:307,29,1,1
BRDA:309,30,0,10
BRDA:309,30,1,9
BRDA:310,31,0,2
BRDA:310,31,1,1
BRDA:311,32,0,2
BRDA:311,32,1,1
BRDA:311,33,0,2
BRDA:311,33,1,2
BRDA:314,34,0,2
BRDA:314,34,1,1
BRDA:315,35,0,2
BRDA:315,35,1,1
BRDA:319,36,0,2
BRDA:319,36,1,1
BRDA:321,37,0,2
BRDA:321,37,1,1
BRDA:324,38,0,2
BRDA:324,38,1,1
BRDA:325,39,0,2
BRDA:325,39,1,1
BRDA:326,40,0,2
BRDA:326,40,1,1
BRDA:327,41,0,2
BRDA:327,41,1,1
BRDA:332,42,0,2
BRDA:332,42,1,1
BRDA:332,42,2,1
BRDA:337,43,0,2
BRDA:337,43,1,1
BRDA:340,44,0,2
BRDA:340,44,1,1
BRDA:341,45,0,2
BRDA:341,45,1,1
BRF:74
BRH:70
end_of_record
TN:
SF:src/services/stravaService.js
FN:88,getAuthUrl
FN:104,exchangeToken
FN:130,refreshToken
FN:154,getRecentActivities
FN:173,summariseActivities
FNF:5
FNH:0
FNDA:0,getAuthUrl
FNDA:0,exchangeToken
FNDA:0,refreshToken
FNDA:0,getRecentActivities
FNDA:0,summariseActivities
DA:3,0
DA:4,0
DA:16,0
DA:89,0
DA:96,0
DA:107,0
DA:108,0
DA:116,0
DA:122,0
DA:131,0
DA:132,0
DA:139,0
DA:145,0
DA:155,0
DA:156,0
DA:160,0
DA:161,0
DA:165,0
DA:174,0
DA:175,0
DA:187,0
DA:188,0
DA:189,0
DA:190,0
DA:191,0
DA:192,0
DA:193,0
DA:194,0
DA:196,0
DA:197,0
DA:198,0
DA:199,0
DA:200,0
DA:202,0
DA:203,0
DA:204,0
DA:206,0
DA:207,0
DA:210,0
DA:211,0
DA:214,0
DA:226,0
LF:42
LH:0
BRDA:107,0,0,0
BRDA:107,0,1,0
BRDA:107,1,0,0
BRDA:107,1,1,0
BRDA:131,2,0,0
BRDA:131,2,1,0
BRDA:131,3,0,0
BRDA:131,3,1,0
BRDA:154,4,0,0
BRDA:155,5,0,0
BRDA:155,5,1,0
BRDA:155,6,0,0
BRDA:155,6,1,0
BRDA:174,7,0,0
BRDA:174,7,1,0
BRDA:174,8,0,0
BRDA:174,8,1,0
BRDA:197,9,0,0
BRDA:197,9,1,0
BRDA:198,10,0,0
BRDA:198,10,1,0
BRDA:199,11,0,0
BRDA:199,11,1,0
BRDA:200,12,0,0
BRDA:200,12,1,0
BRDA:202,13,0,0
BRDA:202,13,1,0
BRDA:206,14,0,0
BRDA:206,14,1,0
BRDA:206,15,0,0
BRDA:206,15,1,0
BRDA:210,16,0,0
BRDA:210,16,1,0
BRDA:211,17,0,0
BRDA:211,17,1,0
BRDA:218,18,0,0
BRDA:218,18,1,0
BRF:37
BRH:0
end_of_record
